{
  "RSpec": {
    "coverage": {
      "/home/lite-operand-1412/tic-tac-toe-rb-online-web-sp-000/lib/tic_tac_toe.rb": [
        null,
        1,
        null,
        null,
        null,
        null,
        null,
        null,
        null,
        null,
        null,
        null,
        1,
        21,
        21,
        21,
        21,
        21,
        null,
        null,
        1,
        20,
        null,
        null,
        null,
        1,
        19,
        null,
        null,
        1,
        20,
        17,
        null,
        null,
        null,
        null,
        null,
        1,
        22,
        19,
        null,
        3,
        null,
        null,
        null,
        1,
        17,
        17,
        17,
        17,
        16,
        16,
        null,
        1,
        null,
        null,
        null,
        1,
        2,
        2,
        18,
        5,
        null,
        null,
        2,
        null,
        null,
        1,
        1,
        1,
        null,
        0,
        null,
        null,
        null,
        1,
        48,
        245,
        20,
        225,
        6,
        null,
        null,
        22,
        null,
        null,
        1,
        23,
        null,
        null,
        1,
        14,
        4,
        null,
        10,
        null,
        null,
        null,
        1,
        18,
        10,
        null,
        8,
        null,
        null,
        null,
        1,
        8,
        7,
        null,
        null,
        null,
        1,
        12,
        14,
        null,
        12,
        6,
        null,
        6,
        null,
        null
      ]
    },
    "timestamp": 1603310660
  }
}
